Arguments: 
  /usr/local/Cellar/node/10.4.0/bin/node /usr/local/Cellar/yarn/1.7.0/libexec/bin/yarn.js add jekyll_oembed

PATH: 
  /usr/local/bin:/usr/bin:/bin:/usr/sbin:/sbin

Yarn version: 
  1.7.0

Node version: 
  10.4.0

Platform: 
  darwin x64

Trace: 
  Error: https://registry.yarnpkg.com/jekyll_oembed: Not found
      at Request.params.callback [as _callback] (/usr/local/Cellar/yarn/1.7.0/libexec/lib/cli.js:65656:18)
      at Request.self.callback (/usr/local/Cellar/yarn/1.7.0/libexec/lib/cli.js:134675:22)
      at Request.emit (events.js:182:13)
      at Request.<anonymous> (/usr/local/Cellar/yarn/1.7.0/libexec/lib/cli.js:135658:10)
      at Request.emit (events.js:182:13)
      at IncomingMessage.<anonymous> (/usr/local/Cellar/yarn/1.7.0/libexec/lib/cli.js:135578:12)
      at Object.onceWrapper (events.js:273:13)
      at IncomingMessage.emit (events.js:187:15)
      at endReadableNT (_stream_readable.js:1081:12)
      at process._tickCallback (internal/process/next_tick.js:63:19)

npm manifest: 
  {
      "dependencies": {
          "bootstrap-italia": "*",
          "chart.js": "^2.7.2",
          "jekyll": "^3.0.0-beta1",
          "jquery": "^3.3.1",
          "pickadate": "^3.5.6",
          "popper.js": "^1.14.3"
      },
      "repository": {
          "type": "git",
          "url": "git://github.com/italia/developers.italia.it"
      },
      "license": "See license in LICENSE file"
  }

yarn manifest: 
  No manifest

Lockfile: 
  # THIS IS AN AUTOGENERATED FILE. DO NOT EDIT THIS FILE DIRECTLY.
  # yarn lockfile v1
  
  
  bootstrap-italia@*:
    version "0.9.1"
    resolved "https://registry.yarnpkg.com/bootstrap-italia/-/bootstrap-italia-0.9.1.tgz#33a6111c2f05f8b88d11cb17c9c39d07ebf1c13e"
    dependencies:
      bootstrap "^4.1.1"
      jquery "^3.3.1"
      pickadate "^3.5.6"
      popper.js "^1.14.3"
  
  bootstrap@^4.1.1:
    version "4.1.1"
    resolved "https://registry.yarnpkg.com/bootstrap/-/bootstrap-4.1.1.tgz#3aec85000fa619085da8d2e4983dfd67cf2114cb"
  
  chart.js@^2.7.2:
    version "2.7.2"
    resolved "https://registry.yarnpkg.com/chart.js/-/chart.js-2.7.2.tgz#3c9fde4dc5b95608211bdefeda7e5d33dffa5714"
    dependencies:
      chartjs-color "^2.1.0"
      moment "^2.10.2"
  
  chartjs-color-string@^0.5.0:
    version "0.5.0"
    resolved "https://registry.yarnpkg.com/chartjs-color-string/-/chartjs-color-string-0.5.0.tgz#8d3752d8581d86687c35bfe2cb80ac5213ceb8c1"
    dependencies:
      color-name "^1.0.0"
  
  chartjs-color@^2.1.0:
    version "2.2.0"
    resolved "https://registry.yarnpkg.com/chartjs-color/-/chartjs-color-2.2.0.tgz#84a2fb755787ed85c39dd6dd8c7b1d88429baeae"
    dependencies:
      chartjs-color-string "^0.5.0"
      color-convert "^0.5.3"
  
  color-convert@^0.5.3:
    version "0.5.3"
    resolved "https://registry.yarnpkg.com/color-convert/-/color-convert-0.5.3.tgz#bdb6c69ce660fadffe0b0007cc447e1b9f7282bd"
  
  color-name@^1.0.0:
    version "1.1.3"
    resolved "https://registry.yarnpkg.com/color-name/-/color-name-1.1.3.tgz#a7d0558bd89c42f795dd42328f740831ca53bc25"
  
  jekyll@^3.0.0-beta1:
    version "3.0.0-beta1"
    resolved "https://registry.yarnpkg.com/jekyll/-/jekyll-3.0.0-beta1.tgz#32749f03004cff217bf29988f6e4420606479ff9"
  
  jquery@>=1.7, jquery@^3.3.1:
    version "3.3.1"
    resolved "https://registry.yarnpkg.com/jquery/-/jquery-3.3.1.tgz#958ce29e81c9790f31be7792df5d4d95fc57fbca"
  
  moment@^2.10.2:
    version "2.22.2"
    resolved "https://registry.yarnpkg.com/moment/-/moment-2.22.2.tgz#3c257f9839fc0e93ff53149632239eb90783ff66"
  
  pickadate@^3.5.6:
    version "3.5.6"
    resolved "https://registry.yarnpkg.com/pickadate/-/pickadate-3.5.6.tgz#c998302343b79a19954fc49c45cc708347602806"
    dependencies:
      jquery ">=1.7"
  
  popper.js@^1.14.3:
    version "1.14.3"
    resolved "https://registry.yarnpkg.com/popper.js/-/popper.js-1.14.3.tgz#1438f98d046acf7b4d78cd502bf418ac64d4f095"
